#
# There is insufficient memory for the Java Runtime Environment to continue.
# Native memory allocation (mmap) failed to map 67108864 bytes. Error detail: G1 virtual space
# Possible reasons:
#   The system is out of physical RAM or swap space
#   This process is running with CompressedOops enabled, and the Java Heap may be blocking the growth of the native heap
# Possible solutions:
#   Reduce memory load on the system
#   Increase physical memory or swap space
#   Check if swap backing store is full
#   Decrease Java heap size (-Xmx/-Xms)
#   Decrease number of Java threads
#   Decrease Java thread stack sizes (-Xss)
#   Set larger code cache with -XX:ReservedCodeCacheSize=
#   JVM is running with Unscaled Compressed Oops mode in which the Java heap is
#     placed in the first 4GB address space. The Java Heap base address is the
#     maximum limit for the native heap growth. Please use -XX:HeapBaseMinAddress
#     to set the Java Heap base and to place the Java Heap above 4GB virtual address.
# This output file may be truncated or incomplete.
#
#  Out of Memory Error (os_windows.cpp:3679), pid=18064, tid=18340
#
# JRE version:  (17.0.13+11) (build )
# Java VM: OpenJDK 64-Bit Server VM (17.0.13+11-LTS, mixed mode, sharing, tiered, compressed oops, compressed class ptrs, g1 gc, windows-amd64)
# No core dump will be written. Minidumps are not enabled by default on client versions of Windows
#

---------------  S U M M A R Y ------------

Command Line: -Xmx64m -Xms64m -Dorg.gradle.appname=gradlew org.gradle.wrapper.GradleWrapperMain app:installDebug -PreactNativeDevServerPort=8081

Host: AMD Ryzen 5 2500U with Radeon Vega Mobile Gfx  , 8 cores, 6G,  Windows 11 , 64 bit Build 26100 (10.0.26100.3912)
Time: Mon May 19 02:19:27 2025 India Standard Time elapsed time: 2.077701 seconds (0d 0h 0m 2s)

---------------  T H R E A D  ---------------

Current thread (0x0000016bde83b780):  JavaThread "Unknown thread" [_thread_in_vm, id=18340, stack(0x000000692e800000,0x000000692e900000)]

Stack: [0x000000692e800000,0x000000692e900000]
Native frames: (J=compiled Java code, j=interpreted, Vv=VM code, C=native code)
V  [jvm.dll+0x687fc9]
V  [jvm.dll+0x83eeb8]
V  [jvm.dll+0x840963]
V  [jvm.dll+0x840fd3]
V  [jvm.dll+0x24951f]
V  [jvm.dll+0x684f89]
V  [jvm.dll+0x6794aa]
V  [jvm.dll+0x30ad27]
V  [jvm.dll+0x312296]
V  [jvm.dll+0x362bde]
V  [jvm.dll+0x362e1d]
V  [jvm.dll+0x2e1fbc]
V  [jvm.dll+0x2e2ed4]
V  [jvm.dll+0x810dbb]
V  [jvm.dll+0x3708f1]
V  [jvm.dll+0x7ef8af]
V  [jvm.dll+0x3f70ef]
V  [jvm.dll+0x3f8c21]
C  [jli.dll+0x52a0]
C  [ucrtbase.dll+0x37b0]
C  [KERNEL32.DLL+0x2e8d7]
C  [ntdll.dll+0x9c5dc]


---------------  P R O C E S S  ---------------

Threads class SMR info:
_java_thread_list=0x00007ffa742bdf98, length=0, elements={
}

Java Threads: ( => current thread )

Other Threads:
  0x0000016bde85e2e0 GCTaskThread "GC Thread#0" [stack: 0x000000692e900000,0x000000692ea00000] [id=4472]
  0x0000016bde85f940 ConcurrentGCThread "G1 Main Marker" [stack: 0x000000692ea00000,0x000000692eb00000] [id=17452]
  0x0000016bde8616e0 ConcurrentGCThread "G1 Conc#0" [stack: 0x000000692eb00000,0x000000692ec00000] [id=15956]

[error occurred during error reporting (printing all threads), id 0xc0000005, EXCEPTION_ACCESS_VIOLATION (0xc0000005) at pc=0x00007ffa73a72b17]

VM state: not at safepoint (not fully initialized)

VM Mutex/Monitor currently owned by a thread:  ([mutex/lock_event])
[0x0000016bde837950] Heap_lock - owner thread: 0x0000016bde83b780

Heap address: 0x00000000fc000000, size: 64 MB, Compressed Oops mode: 32-bit

CDS archive(s) mapped at: [0x0000000000000000-0x0000000000000000-0x0000000000000000), size 0, SharedBaseAddress: 0x0000000800000000, ArchiveRelocationMode: 1.
Narrow klass base: 0x0000000000000000, Narrow klass shift: 0, Narrow klass range: 0x0

GC Precious Log:
<Empty>

Heap:
 garbage-first heap   total 0K, used 0K [0x00000000fc000000, 0x0000000100000000)
  region size 1024K, 0 young (0K), 0 survivors (0K)

[error occurred during error reporting (printing heap information), id 0xc0000005, EXCEPTION_ACCESS_VIOLATION (0xc0000005) at pc=0x00007ffa73e61ba9]

GC Heap History (0 events):
No events

Dll operation events (1 events):
Event: 0.038 Loaded shared library C:\Program Files\Microsoft\jdk-17.0.13.11-hotspot\bin\java.dll

Deoptimization events (0 events):
No events

Classes loaded (0 events):
No events

Classes unloaded (0 events):
No events

Classes redefined (0 events):
No events

Internal exceptions (0 events):
No events

VM Operations (0 events):
No events

Memory protections (0 events):
No events

Nmethod flushes (0 events):
No events

Events (0 events):
No events


Dynamic libraries:
0x00007ff76f500000 - 0x00007ff76f50e000 	C:\Program Files\Microsoft\jdk-17.0.13.11-hotspot\bin\java.exe
0x00007ffac6600000 - 0x00007ffac6866000 	C:\WINDOWS\SYSTEM32\ntdll.dll
0x00007ffac53e0000 - 0x00007ffac54a9000 	C:\WINDOWS\System32\KERNEL32.DLL
0x00007ffac3790000 - 0x00007ffac3b5c000 	C:\WINDOWS\System32\KERNELBASE.dll
0x00007ffac3b60000 - 0x00007ffac3cab000 	C:\WINDOWS\System32\ucrtbase.dll
0x00007ffab57f0000 - 0x00007ffab5807000 	C:\Program Files\Microsoft\jdk-17.0.13.11-hotspot\bin\jli.dll
0x00007ffab5260000 - 0x00007ffab527d000 	C:\Program Files\Microsoft\jdk-17.0.13.11-hotspot\bin\VCRUNTIME140.dll
0x00007ffac54b0000 - 0x00007ffac567a000 	C:\WINDOWS\System32\USER32.dll
0x00007ffac3cb0000 - 0x00007ffac3cd7000 	C:\WINDOWS\System32\win32u.dll
0x00007ffac49f0000 - 0x00007ffac4a1b000 	C:\WINDOWS\System32\GDI32.dll
0x00007ffac4100000 - 0x00007ffac4232000 	C:\WINDOWS\System32\gdi32full.dll
0x00007ffac3f20000 - 0x00007ffac3fc3000 	C:\WINDOWS\System32\msvcp_win.dll
0x00007ffab0fe0000 - 0x00007ffab127a000 	C:\WINDOWS\WinSxS\amd64_microsoft.windows.common-controls_6595b64144ccf1df_6.0.26100.3912_none_3e07963ce335137e\COMCTL32.dll
0x00007ffac5ae0000 - 0x00007ffac5b89000 	C:\WINDOWS\System32\msvcrt.dll
0x00007ffac5240000 - 0x00007ffac5270000 	C:\WINDOWS\System32\IMM32.DLL
0x00007ffabbfe0000 - 0x00007ffabbfec000 	C:\Program Files\Microsoft\jdk-17.0.13.11-hotspot\bin\vcruntime140_1.dll
0x00007ffaa3380000 - 0x00007ffaa340d000 	C:\Program Files\Microsoft\jdk-17.0.13.11-hotspot\bin\msvcp140.dll
0x00007ffa73780000 - 0x00007ffa743f1000 	C:\Program Files\Microsoft\jdk-17.0.13.11-hotspot\bin\server\jvm.dll
0x00007ffac5cb0000 - 0x00007ffac5d62000 	C:\WINDOWS\System32\ADVAPI32.dll
0x00007ffac5280000 - 0x00007ffac5326000 	C:\WINDOWS\System32\sechost.dll
0x00007ffac5b90000 - 0x00007ffac5ca6000 	C:\WINDOWS\System32\RPCRT4.dll
0x00007ffac64e0000 - 0x00007ffac6554000 	C:\WINDOWS\System32\WS2_32.dll
0x00007ffac2f50000 - 0x00007ffac2fae000 	C:\WINDOWS\SYSTEM32\POWRPROF.dll
0x00007ffabad10000 - 0x00007ffabad46000 	C:\WINDOWS\SYSTEM32\WINMM.dll
0x00007ffabd5b0000 - 0x00007ffabd5bb000 	C:\WINDOWS\SYSTEM32\VERSION.dll
0x00007ffac2f30000 - 0x00007ffac2f44000 	C:\WINDOWS\SYSTEM32\UMPDC.dll
0x00007ffac2550000 - 0x00007ffac256a000 	C:\WINDOWS\SYSTEM32\kernel.appcore.dll
0x00007ffab57e0000 - 0x00007ffab57ea000 	C:\Program Files\Microsoft\jdk-17.0.13.11-hotspot\bin\jimage.dll
0x00007ffabb090000 - 0x00007ffabb2d1000 	C:\WINDOWS\SYSTEM32\DBGHELP.DLL
0x00007ffac56d0000 - 0x00007ffac5a54000 	C:\WINDOWS\System32\combase.dll
0x00007ffac5150000 - 0x00007ffac5230000 	C:\WINDOWS\System32\OLEAUT32.dll
0x00007ffaad310000 - 0x00007ffaad349000 	C:\WINDOWS\SYSTEM32\dbgcore.DLL
0x00007ffac4060000 - 0x00007ffac40f9000 	C:\WINDOWS\System32\bcryptPrimitives.dll
0x00007ffaa8080000 - 0x00007ffaa80a5000 	C:\Program Files\Microsoft\jdk-17.0.13.11-hotspot\bin\java.dll

dbghelp: loaded successfully - version: 4.0.5 - missing functions: none
symbol engine: initialized successfully - sym options: 0x614 - pdb path: .;C:\Program Files\Microsoft\jdk-17.0.13.11-hotspot\bin;C:\WINDOWS\SYSTEM32;C:\WINDOWS\WinSxS\amd64_microsoft.windows.common-controls_6595b64144ccf1df_6.0.26100.3912_none_3e07963ce335137e;C:\Program Files\Microsoft\jdk-17.0.13.11-hotspot\bin\server

VM Arguments:
jvm_args: -Xmx64m -Xms64m -Dorg.gradle.appname=gradlew 
java_command: org.gradle.wrapper.GradleWrapperMain app:installDebug -PreactNativeDevServerPort=8081
java_class_path (initial): E:\FreeLanc\TaskManager\android\\gradle\wrapper\gradle-wrapper.jar
Launcher Type: SUN_STANDARD

[Global flags]
     intx CICompilerCount                          = 4                                         {product} {ergonomic}
     uint ConcGCThreads                            = 2                                         {product} {ergonomic}
     uint G1ConcRefinementThreads                  = 8                                         {product} {ergonomic}
   size_t G1HeapRegionSize                         = 1048576                                   {product} {ergonomic}
    uintx GCDrainStackTargetSize                   = 64                                        {product} {ergonomic}
   size_t InitialHeapSize                          = 67108864                                  {product} {command line}
   size_t MarkStackSize                            = 4194304                                   {product} {ergonomic}
   size_t MaxHeapSize                              = 67108864                                  {product} {command line}
   size_t MinHeapDeltaBytes                        = 1048576                                   {product} {ergonomic}
   size_t MinHeapSize                              = 67108864                                  {product} {command line}
    uintx NonNMethodCodeHeapSize                   = 5839372                                {pd product} {ergonomic}
    uintx NonProfiledCodeHeapSize                  = 122909434                              {pd product} {ergonomic}
    uintx ProfiledCodeHeapSize                     = 122909434                              {pd product} {ergonomic}
    uintx ReservedCodeCacheSize                    = 251658240                              {pd product} {ergonomic}
     bool SegmentedCodeCache                       = true                                      {product} {ergonomic}
   size_t SoftMaxHeapSize                          = 67108864                               {manageable} {ergonomic}
     bool UseCompressedClassPointers               = true                           {product lp64_product} {ergonomic}
     bool UseCompressedOops                        = true                           {product lp64_product} {ergonomic}
     bool UseG1GC                                  = true                                      {product} {ergonomic}
     bool UseLargePagesIndividualAllocation        = false                                  {pd product} {ergonomic}

Logging:
Log output configuration:
 #0: stdout all=warning uptime,level,tags
 #1: stderr all=off uptime,level,tags

Environment Variables:
JAVA_HOME=C:\Program Files\Microsoft\jdk-17.0.13.11-hotspot\
CLASSPATH=E:\FreeLanc\TaskManager\android\\gradle\wrapper\gradle-wrapper.jar
PATH=E:\FreeLanc\TaskManager\node_modules\.bin;E:\FreeLanc\node_modules\.bin;E:\node_modules\.bin;C:\Program Files\nodejs\node_modules\npm\node_modules\@npmcli\run-script\lib\node-gyp-bin;C:\Program Files\Microsoft\jdk-17.0.13.11-hotspot\bin;C:\Python313\Scripts\;C:\Python313\;C:\WINDOWS\system32;C:\WINDOWS;C:\WINDOWS\System32\Wbem;C:\WINDOWS\System32\WindowsPowerShell\v1.0\;C:\WINDOWS\System32\OpenSSH\;C:\Program Files (x86)\Microsoft SQL Server\160\Tools\Binn\;C:\Program Files\Microsoft SQL Server\160\Tools\Binn\;C:\Program Files\Microsoft SQL Server\Client SDK\ODBC\170\Tools\Binn\;C:\Program Files\Microsoft SQL Server\160\DTS\Binn\;C:\Program Files (x86)\Microsoft SQL Server\160\DTS\Binn\;C:\Program Files\Microsoft SQL Server\150\Tools\Binn\;C:\Program Files\dotnet\;C:\Program Files\Git\cmd;C:\Program Files\nodejs\;C:\ProgramData\chocolatey\bin;C:\Program Files\TortoiseSVN\bin;C:\Program Files\MySQL\MySQL Shell 8.0\bin\;C:\Users\Rohit Kumar\AppData\Local\Microsoft\WindowsApps;C:\Users\Rohit Kumar\.dotnet\tools;C:\Microsoft VS Code\bin;C:\Program Files\Git\bin;D:\SDK\platform-tools;C:\Users\Rohit Kumar\AppData\Local\Microsoft\WinGet\Links;C:\Users\Rohit Kumar\AppData\Roaming\npm;D:\SDK\cmake\3.22.1\bin;C:\Users\Rohit Kumar\.bun\bin;
USERNAME=Rohit Kumar
LANG=en_US.UTF-8
OS=Windows_NT
PROCESSOR_IDENTIFIER=AMD64 Family 23 Model 17 Stepping 0, AuthenticAMD
TMP=C:\Users\ROHITK~1\AppData\Local\Temp
TEMP=C:\Users\ROHITK~1\AppData\Local\Temp



Periodic native trim disabled


---------------  S Y S T E M  ---------------

OS:
 Windows 11 , 64 bit Build 26100 (10.0.26100.3912)
OS uptime: 2 days 3:57 hours

CPU: total 8 (initial active 8) (8 cores per cpu, 2 threads per core) family 23 model 17 stepping 0 microcode 0x810100b, cx8, cmov, fxsr, ht, mmx, 3dnowpref, sse, sse2, sse3, ssse3, sse4a, sse4.1, sse4.2, popcnt, lzcnt, tsc, tscinvbit, avx, avx2, aes, clmul, bmi1, bmi2, adx, sha, fma, vzeroupper, clflush, clflushopt
Processor Information for the first 8 processors :
  Max Mhz: 2000, Current Mhz: 2000, Mhz Limit: 2000

Memory: 4k page, system-wide physical 7068M (490M free)
TotalPageFile size 28572M (AvailPageFile size 112M)
current process WorkingSet (physical memory assigned to process): 12M, peak: 12M
current process commit charge ("private bytes"): 59M, peak: 123M

vm_info: OpenJDK 64-Bit Server VM (17.0.13+11-LTS) for windows-amd64 JRE (17.0.13+11-LTS), built on Oct 11 2024 23:25:05 by "MicrosoftCorporation" with unknown MS VC++:1939

END.
